<?xml version="1.0" encoding="UTF-8"?>
<!-- Generated by org.testng.reporters.JUnitReportReporter -->
<testsuite hostname="ARIJIT-PC" failures="0" tests="1" name="SeleniumJava.AutomationPractice.SearchFlights" time="5.592" errors="0" timestamp="15 Aug 2021 23:04:44 GMT">
  <testcase classname="SeleniumJava.AutomationPractice.SearchFlights" name="searchFlights" time="5.592"/>
</testsuite> <!-- SeleniumJava.AutomationPractice.SearchFlights -->
