<?xml version="1.0" encoding="UTF-8"?>
<!-- Generated by org.testng.reporters.JUnitReportReporter -->
<testsuite hostname="ARIJIT-PC" failures="0" tests="1" name="SeleniumJava.AutomationPractice.ValidateLogo" time="0.072" errors="0" timestamp="15 Aug 2021 16:52:24 GMT">
  <testcase classname="SeleniumJava.AutomationPractice.ValidateLogo" name="validateCheapoAirLogo" time="0.072"/>
</testsuite> <!-- SeleniumJava.AutomationPractice.ValidateLogo -->
